{
  "RSpec": {
    "coverage": {
      "/Users/Student/Desktop/Tristan_Makers/week4/daily_diary/spec/features/add_entry_spec.rb": {
        "lines": [
          1,
          null,
          1,
          1,
          1,
          null,
          null,
          null
        ]
      },
      "/Users/Student/Desktop/Tristan_Makers/week4/daily_diary/spec/features/index_spec.rb": {
        "lines": [
          1,
          null,
          1,
          1,
          1,
          null,
          null,
          null
        ]
      },
      "/Users/Student/Desktop/Tristan_Makers/week4/daily_diary/spec/features/view_titles_spec.rb": {
        "lines": [
          1,
          null,
          1,
          1,
          null,
          null,
          1,
          1,
          1,
          null,
          null,
          1,
          1,
          null,
          null,
          1,
          1,
          1,
          null,
          null,
          1,
          1,
          null,
          null,
          1,
          1,
          1,
          null,
          null,
          null
        ]
      },
      "/Users/Student/Desktop/Tristan_Makers/week4/daily_diary/spec/units/diary_spec.rb": {
        "lines": [
          1,
          1,
          null,
          1,
          null,
          1,
          1,
          null,
          null,
          1,
          1,
          null,
          null,
          1,
          1,
          1,
          null,
          null,
          null,
          null
        ]
      }
    },
    "timestamp": 1591211797
  }
}
